Mon Jan 01 2018 18:21:31 GMT+0200 (EET) GET /
Mon Jan 01 2018 18:30:36 GMT+0200 (EET) GET /
Mon Jan 01 2018 18:30:42 GMT+0200 (EET) GET /maintenance
Mon Jan 01 2018 18:31:11 GMT+0200 (EET) GET /maintenance
Mon Jan 01 2018 18:31:30 GMT+0200 (EET) GET /
Mon Jan 01 2018 18:31:32 GMT+0200 (EET) GET /about
Mon Jan 01 2018 18:31:46 GMT+0200 (EET) GET /about
Mon Jan 01 2018 18:31:48 GMT+0200 (EET) GET /about
Mon Jan 01 2018 18:31:54 GMT+0200 (EET) GET /about
Mon Jan 01 2018 18:31:55 GMT+0200 (EET) GET /maintenance
Mon Jan 01 2018 18:31:57 GMT+0200 (EET) GET /about
Mon Jan 01 2018 18:31:59 GMT+0200 (EET) GET /
Mon Jan 01 2018 18:37:40 GMT+0200 (EET) GET /
Mon Jan 01 2018 18:39:17 GMT+0200 (EET) GET /
Mon Jan 01 2018 18:39:23 GMT+0200 (EET) GET /help.html
Mon Jan 01 2018 18:39:27 GMT+0200 (EET) GET /about
Mon Jan 01 2018 18:39:29 GMT+0200 (EET) GET /
Mon Jan 01 2018 18:40:08 GMT+0200 (EET) GET /
Mon Jan 01 2018 18:40:15 GMT+0200 (EET) GET /maintenance
Mon Jan 01 2018 18:40:34 GMT+0200 (EET) GET /
Mon Jan 01 2018 18:41:04 GMT+0200 (EET) GET /
Mon Jan 01 2018 18:41:05 GMT+0200 (EET) GET /
Mon Jan 01 2018 19:56:09 GMT+0200 (EET) GET /
Mon Jan 01 2018 19:56:11 GMT+0200 (EET) GET /projects
Mon Jan 01 2018 19:56:25 GMT+0200 (EET) GET /projects
Mon Jan 01 2018 19:56:27 GMT+0200 (EET) GET /projects
Mon Jan 01 2018 19:56:28 GMT+0200 (EET) GET /projects
Mon Jan 01 2018 19:56:30 GMT+0200 (EET) GET /about
Mon Jan 01 2018 19:56:31 GMT+0200 (EET) GET /
